2018-06-15 13:45:58.759  INFO 3592 --- [main] c.e.s.SpringbootdemoApplication          : The following profiles are active: dev
2018-06-15 13:45:58.798  INFO 3592 --- [main] ConfigServletWebServerApplicationContext : Refreshing org.springframework.boot.web.servlet.context.AnnotationConfigServletWebServerApplicationContext@1554b06: startup date [Fri Jun 15 13:45:58 SGT 2018]; parent: org.springframework.context.annotation.AnnotationConfigApplicationContext@12050f6
2018-06-15 13:46:00.490  INFO 3592 --- [main] o.s.c.c.s.GenericScope                   : BeanFactory id=e21b127e-98fe-3e41-ad53-869d250dd39b
2018-06-15 13:46:00.530  INFO 3592 --- [main] f.a.AutowiredAnnotationBeanPostProcessor : JSR-330 'javax.inject.Inject' annotation found and supported for autowiring
2018-06-15 13:46:00.838  INFO 3592 --- [main] trationDelegate$BeanPostProcessorChecker : Bean 'org.springframework.transaction.annotation.ProxyTransactionManagementConfiguration' of type [org.springframework.transaction.annotation.ProxyTransactionManagementConfiguration$$EnhancerBySpringCGLIB$$a472c00d] is not eligible for getting processed by all BeanPostProcessors (for example: not eligible for auto-proxying)
2018-06-15 13:46:00.994  INFO 3592 --- [main] trationDelegate$BeanPostProcessorChecker : Bean 'org.springframework.cloud.autoconfigure.ConfigurationPropertiesRebinderAutoConfiguration' of type [org.springframework.cloud.autoconfigure.ConfigurationPropertiesRebinderAutoConfiguration$$EnhancerBySpringCGLIB$$c08cc30a] is not eligible for getting processed by all BeanPostProcessors (for example: not eligible for auto-proxying)
2018-06-15 13:46:02.321  INFO 3592 --- [main] o.s.b.w.e.t.TomcatWebServer              : Tomcat initialized with port(s): 1003 (http)
2018-06-15 13:46:02.381  INFO 3592 --- [main] o.a.c.c.StandardService                  : Starting service [Tomcat]
2018-06-15 13:46:02.382  INFO 3592 --- [main] o.a.c.c.StandardEngine                   : Starting Servlet Engine: Apache Tomcat/8.5.31
2018-06-15 13:46:02.406  INFO 3592 --- [localhost-startStop-1] o.a.c.c.AprLifecycleListener             : The APR based Apache Tomcat Native library which allows optimal performance in production environments was not found on the java.library.path: [C:\ProgramData\Oracle\Java\javapath;C:\WINDOWS\Sun\Java\bin;C:\WINDOWS\system32;C:\WINDOWS;C:\ProgramData\Oracle\Java\javapath;D:\developer\apache-maven-3.1.0\bin;C:\Program Files (x86)\Java\jdk1.7.0\bin;C:\Program Files (x86)\Intel\iCLS Client\;C:\Program Files\Intel\iCLS Client\;C:\WINDOWS\system32;C:\WINDOWS;C:\WINDOWS\System32\Wbem;C:\WINDOWS\System32\WindowsPowerShell\v1.0\;C:\Program Files\Intel\Intel(R) Management Engine Components\DAL;C:\Program Files (x86)\Intel\Intel(R) Management Engine Components\DAL;C:\Program Files\Intel\Intel(R) Management Engine Components\IPT;C:\Program Files (x86)\Intel\Intel(R) Management Engine Components\IPT;C:\Program Files (x86)\AliasWavefront\Maya 4 Personal Learning Edition\bin;D:\developer\ora10g;C:\Program Files (x86)\python;C:\Thrift;C:\Program Files\Git\cmd;C:\WINDOWS\System32\OpenSSH\;C:\Program Files\Intel\WiFi\bin\;C:\Program Files\Common Files\Intel\WirelessCommon\;D:\Program Files (x86)\Ruby23-x64\bin;C:\Program Files (x86)\SSH Communications Security\SSH Secure Shell;C:\Program Files\Intel\WiFi\bin\;C:\Program Files\Common Files\Intel\WirelessCommon\;C:\Users\RockWang\AppData\Local\Microsoft\WindowsApps;C:\Thrift;;.]
2018-06-15 13:46:02.582  INFO 3592 --- [localhost-startStop-1] o.a.c.c.C.[.[.[/]                        : Initializing Spring embedded WebApplicationContext
2018-06-15 13:46:02.582  INFO 3592 --- [localhost-startStop-1] o.s.w.c.ContextLoader                    : Root WebApplicationContext: initialization completed in 3784 ms
2018-06-15 13:46:06.399  INFO 3592 --- [localhost-startStop-1] o.s.b.w.s.ServletRegistrationBean        : Servlet dispatcherServlet mapped to [/]
2018-06-15 13:46:06.413  INFO 3592 --- [localhost-startStop-1] o.s.b.w.s.FilterRegistrationBean         : Mapping filter: 'characterEncodingFilter' to: [/*]
2018-06-15 13:46:06.413  INFO 3592 --- [localhost-startStop-1] o.s.b.w.s.FilterRegistrationBean         : Mapping filter: 'hiddenHttpMethodFilter' to: [/*]
2018-06-15 13:46:06.413  INFO 3592 --- [localhost-startStop-1] o.s.b.w.s.FilterRegistrationBean         : Mapping filter: 'httpPutFormContentFilter' to: [/*]
2018-06-15 13:46:06.414  INFO 3592 --- [localhost-startStop-1] o.s.b.w.s.FilterRegistrationBean         : Mapping filter: 'requestContextFilter' to: [/*]
2018-06-15 13:46:06.414  INFO 3592 --- [localhost-startStop-1] o.s.b.w.s.FilterRegistrationBean         : Mapping filter: 'httpTraceFilter' to: [/*]
2018-06-15 13:46:06.414  INFO 3592 --- [localhost-startStop-1] o.s.b.w.s.FilterRegistrationBean         : Mapping filter: 'webMvcMetricsFilter' to: [/*]
2018-06-15 13:46:07.016  WARN 3592 --- [main] c.n.c.s.URLConfigurationSource           : No URLs will be polled as dynamic configuration sources.
2018-06-15 13:46:07.016  INFO 3592 --- [main] c.n.c.s.URLConfigurationSource           : To enable URLs as dynamic configuration sources, define System property archaius.configurationSource.additionalUrls or make config.properties available on classpath.
2018-06-15 13:46:07.030  WARN 3592 --- [main] c.n.c.s.URLConfigurationSource           : No URLs will be polled as dynamic configuration sources.
2018-06-15 13:46:07.031  INFO 3592 --- [main] c.n.c.s.URLConfigurationSource           : To enable URLs as dynamic configuration sources, define System property archaius.configurationSource.additionalUrls or make config.properties available on classpath.
2018-06-15 13:46:07.259  INFO 3592 --- [main] o.s.w.s.h.SimpleUrlHandlerMapping        : Mapped URL path [/**/favicon.ico] onto handler of type [class org.springframework.web.servlet.resource.ResourceHttpRequestHandler]
2018-06-15 13:46:07.777  INFO 3592 --- [main] s.w.s.m.m.a.RequestMappingHandlerAdapter : Looking for @ControllerAdvice: org.springframework.boot.web.servlet.context.AnnotationConfigServletWebServerApplicationContext@1554b06: startup date [Fri Jun 15 13:45:58 SGT 2018]; parent: org.springframework.context.annotation.AnnotationConfigApplicationContext@12050f6
2018-06-15 13:46:07.926  INFO 3592 --- [main] s.w.s.m.m.a.RequestMappingHandlerMapping : Mapped "{[/hi/{name}],methods=[GET]}" onto public java.lang.String com.example.springbootdemo.SpringbootdemoApplication.home(java.lang.String)
2018-06-15 13:46:07.927  INFO 3592 --- [main] s.w.s.m.m.a.RequestMappingHandlerMapping : Mapped "{[/hello],methods=[GET]}" onto public java.lang.String com.example.springbootdemo.SpringbootdemoApplication.hello(java.lang.String,java.lang.String)
2018-06-15 13:46:07.930  INFO 3592 --- [main] s.w.s.m.m.a.RequestMappingHandlerMapping : Mapped "{[/error]}" onto public org.springframework.http.ResponseEntity<java.util.Map<java.lang.String, java.lang.Object>> org.springframework.boot.autoconfigure.web.servlet.error.BasicErrorController.error(javax.servlet.http.HttpServletRequest)
2018-06-15 13:46:07.931  INFO 3592 --- [main] s.w.s.m.m.a.RequestMappingHandlerMapping : Mapped "{[/error],produces=[text/html]}" onto public org.springframework.web.servlet.ModelAndView org.springframework.boot.autoconfigure.web.servlet.error.BasicErrorController.errorHtml(javax.servlet.http.HttpServletRequest,javax.servlet.http.HttpServletResponse)
2018-06-15 13:46:07.998  INFO 3592 --- [main] o.s.w.s.h.SimpleUrlHandlerMapping        : Mapped URL path [/webjars/**] onto handler of type [class org.springframework.web.servlet.resource.ResourceHttpRequestHandler]
2018-06-15 13:46:07.998  INFO 3592 --- [main] o.s.w.s.h.SimpleUrlHandlerMapping        : Mapped URL path [/**] onto handler of type [class org.springframework.web.servlet.resource.ResourceHttpRequestHandler]
2018-06-15 13:46:09.174  INFO 3592 --- [main] o.s.b.a.e.w.EndpointLinksResolver        : Exposing 2 endpoint(s) beneath base path '/actuator'
2018-06-15 13:46:09.202  INFO 3592 --- [main] s.b.a.e.w.s.WebMvcEndpointHandlerMapping : Mapped "{[/actuator/health],methods=[GET],produces=[application/vnd.spring-boot.actuator.v2+json || application/json]}" onto public java.lang.Object org.springframework.boot.actuate.endpoint.web.servlet.AbstractWebMvcEndpointHandlerMapping$OperationHandler.handle(javax.servlet.http.HttpServletRequest,java.util.Map<java.lang.String, java.lang.String>)
2018-06-15 13:46:09.203  INFO 3592 --- [main] s.b.a.e.w.s.WebMvcEndpointHandlerMapping : Mapped "{[/actuator/info],methods=[GET],produces=[application/vnd.spring-boot.actuator.v2+json || application/json]}" onto public java.lang.Object org.springframework.boot.actuate.endpoint.web.servlet.AbstractWebMvcEndpointHandlerMapping$OperationHandler.handle(javax.servlet.http.HttpServletRequest,java.util.Map<java.lang.String, java.lang.String>)
2018-06-15 13:46:09.204  INFO 3592 --- [main] s.b.a.e.w.s.WebMvcEndpointHandlerMapping : Mapped "{[/actuator],methods=[GET],produces=[application/vnd.spring-boot.actuator.v2+json || application/json]}" onto protected java.util.Map<java.lang.String, java.util.Map<java.lang.String, org.springframework.boot.actuate.endpoint.web.Link>> org.springframework.boot.actuate.endpoint.web.servlet.WebMvcEndpointHandlerMapping.links(javax.servlet.http.HttpServletRequest,javax.servlet.http.HttpServletResponse)
2018-06-15 13:46:09.300  INFO 3592 --- [main] o.s.j.e.a.AnnotationMBeanExporter        : Registering beans for JMX exposure on startup
2018-06-15 13:46:09.302  INFO 3592 --- [main] o.s.j.e.a.AnnotationMBeanExporter        : Bean with name 'dataSource' has been autodetected for JMX exposure
2018-06-15 13:46:09.315  INFO 3592 --- [main] o.s.j.e.a.AnnotationMBeanExporter        : Bean with name 'environmentManager' has been autodetected for JMX exposure
2018-06-15 13:46:09.317  INFO 3592 --- [main] o.s.j.e.a.AnnotationMBeanExporter        : Bean with name 'refreshScope' has been autodetected for JMX exposure
2018-06-15 13:46:09.318  INFO 3592 --- [main] o.s.j.e.a.AnnotationMBeanExporter        : Bean with name 'configurationPropertiesRebinder' has been autodetected for JMX exposure
2018-06-15 13:46:09.323  INFO 3592 --- [main] o.s.j.e.a.AnnotationMBeanExporter        : Located managed bean 'environmentManager': registering with JMX server as MBean [org.springframework.cloud.context.environment:name=environmentManager,type=EnvironmentManager]
2018-06-15 13:46:09.332  INFO 3592 --- [main] o.s.j.e.a.AnnotationMBeanExporter        : Located managed bean 'refreshScope': registering with JMX server as MBean [org.springframework.cloud.context.scope.refresh:name=refreshScope,type=RefreshScope]
2018-06-15 13:46:09.359  INFO 3592 --- [main] o.s.j.e.a.AnnotationMBeanExporter        : Located managed bean 'configurationPropertiesRebinder': registering with JMX server as MBean [org.springframework.cloud.context.properties:name=configurationPropertiesRebinder,context=1554b06,type=ConfigurationPropertiesRebinder]
2018-06-15 13:46:09.369  INFO 3592 --- [main] o.s.j.e.a.AnnotationMBeanExporter        : Located MBean 'dataSource': registering with JMX server as MBean [com.alibaba.druid.pool:name=dataSource,type=DruidDataSource]
2018-06-15 13:46:09.379  INFO 3592 --- [main] o.s.c.s.DefaultLifecycleProcessor        : Starting beans in phase 0
2018-06-15 13:46:09.402  INFO 3592 --- [main] o.s.c.n.e.InstanceInfoFactory            : Setting initial instance status as: STARTING
2018-06-15 13:46:09.488  INFO 3592 --- [main] c.n.d.DiscoveryClient                    : Initializing Eureka in region us-east-1
2018-06-15 13:46:09.696  INFO 3592 --- [main] c.n.d.p.DiscoveryJerseyProvider          : Using JSON encoding codec LegacyJacksonJson
2018-06-15 13:46:09.696  INFO 3592 --- [main] c.n.d.p.DiscoveryJerseyProvider          : Using JSON decoding codec LegacyJacksonJson
2018-06-15 13:46:09.945  INFO 3592 --- [main] c.n.d.p.DiscoveryJerseyProvider          : Using XML encoding codec XStreamXml
2018-06-15 13:46:09.946  INFO 3592 --- [main] c.n.d.p.DiscoveryJerseyProvider          : Using XML decoding codec XStreamXml
2018-06-15 13:46:10.223  INFO 3592 --- [main] c.n.d.s.r.a.ConfigClusterResolver        : Resolving eureka endpoints via configuration
2018-06-15 13:46:10.844  INFO 3592 --- [main] c.n.d.DiscoveryClient                    : Disable delta property : false
2018-06-15 13:46:10.845  INFO 3592 --- [main] c.n.d.DiscoveryClient                    : Single vip registry refresh property : null
2018-06-15 13:46:10.845  INFO 3592 --- [main] c.n.d.DiscoveryClient                    : Force full registry fetch : false
2018-06-15 13:46:10.845  INFO 3592 --- [main] c.n.d.DiscoveryClient                    : Application is null : false
2018-06-15 13:46:10.845  INFO 3592 --- [main] c.n.d.DiscoveryClient                    : Registered Applications size is zero : true
2018-06-15 13:46:10.845  INFO 3592 --- [main] c.n.d.DiscoveryClient                    : Application version is -1: true
2018-06-15 13:46:10.846  INFO 3592 --- [main] c.n.d.DiscoveryClient                    : Getting all instance registry info from the eureka server
2018-06-15 13:46:11.117  INFO 3592 --- [main] c.n.d.DiscoveryClient                    : The response status is 200
2018-06-15 13:46:11.121  INFO 3592 --- [main] c.n.d.DiscoveryClient                    : Starting heartbeat executor: renew interval is: 30
2018-06-15 13:46:11.128  INFO 3592 --- [main] c.n.d.InstanceInfoReplicator             : InstanceInfoReplicator onDemand update allowed rate per min is 4
2018-06-15 13:46:11.133  INFO 3592 --- [main] c.n.d.DiscoveryClient                    : Discovery Client initialized at timestamp 1529041571132 with initial instances count: 2
2018-06-15 13:46:11.149  INFO 3592 --- [main] o.s.c.n.e.s.EurekaServiceRegistry        : Registering application springbootdemo with eureka with status UP
2018-06-15 13:46:11.150  INFO 3592 --- [main] c.n.d.DiscoveryClient                    : Saw local status change event StatusChangeEvent [timestamp=1529041571150, current=UP, previous=STARTING]
2018-06-15 13:46:11.152  INFO 3592 --- [DiscoveryClient-InstanceInfoReplicator-0] c.n.d.DiscoveryClient                    : DiscoveryClient_SPRINGBOOTDEMO/192.168.61.1:springbootdemo:1003: registering service...
2018-06-15 13:46:11.199  INFO 3592 --- [DiscoveryClient-InstanceInfoReplicator-0] c.n.d.DiscoveryClient                    : DiscoveryClient_SPRINGBOOTDEMO/192.168.61.1:springbootdemo:1003 - registration status: 204
2018-06-15 13:46:11.247  INFO 3592 --- [main] o.s.b.w.e.t.TomcatWebServer              : Tomcat started on port(s): 1003 (http) with context path ''
2018-06-15 13:46:11.249  INFO 3592 --- [main] .s.c.n.e.s.EurekaAutoServiceRegistration : Updating port to 1003
2018-06-15 13:46:11.252  INFO 3592 --- [main] c.e.s.SpringbootdemoApplication          : Started SpringbootdemoApplication in 16.313 seconds (JVM running for 17.465)
2018-06-15 13:46:48.380  INFO 3592 --- [Thread-8] ConfigServletWebServerApplicationContext : Closing org.springframework.boot.web.servlet.context.AnnotationConfigServletWebServerApplicationContext@1554b06: startup date [Fri Jun 15 13:45:58 SGT 2018]; parent: org.springframework.context.annotation.AnnotationConfigApplicationContext@12050f6
2018-06-15 13:46:48.382  INFO 3592 --- [Thread-8] o.s.c.n.e.s.EurekaServiceRegistry        : Unregistering application springbootdemo with eureka with status DOWN
2018-06-15 13:46:48.382  WARN 3592 --- [Thread-8] c.n.d.DiscoveryClient                    : Saw local status change event StatusChangeEvent [timestamp=1529041608382, current=DOWN, previous=UP]
2018-06-15 13:46:48.382  INFO 3592 --- [DiscoveryClient-InstanceInfoReplicator-0] c.n.d.DiscoveryClient                    : DiscoveryClient_SPRINGBOOTDEMO/192.168.61.1:springbootdemo:1003: registering service...
2018-06-15 13:46:48.384  INFO 3592 --- [Thread-8] o.s.c.s.DefaultLifecycleProcessor        : Stopping beans in phase 0
2018-06-15 13:46:48.386  INFO 3592 --- [Thread-8] o.s.j.e.a.AnnotationMBeanExporter        : Unregistering JMX-exposed beans on shutdown
2018-06-15 13:46:48.387  INFO 3592 --- [Thread-8] o.s.j.e.a.AnnotationMBeanExporter        : Unregistering JMX-exposed beans
2018-06-15 13:46:48.390  INFO 3592 --- [Thread-8] c.n.d.DiscoveryClient                    : Shutting down DiscoveryClient ...
2018-06-15 13:46:48.391  INFO 3592 --- [DiscoveryClient-InstanceInfoReplicator-0] c.n.d.DiscoveryClient                    : DiscoveryClient_SPRINGBOOTDEMO/192.168.61.1:springbootdemo:1003 - registration status: 204
2018-06-15 13:46:48.393  INFO 3592 --- [Thread-8] c.n.d.DiscoveryClient                    : Unregistering ...
2018-06-15 13:46:48.402  INFO 3592 --- [Thread-8] c.n.d.DiscoveryClient                    : DiscoveryClient_SPRINGBOOTDEMO/192.168.61.1:springbootdemo:1003 - deregister  status: 200
2018-06-15 13:46:48.413  INFO 3592 --- [Thread-8] c.n.d.DiscoveryClient                    : Completed shut down of DiscoveryClient
